<?xml version="1.0" encoding="UTF-8"?>
<!-- Generated by org.testng.reporters.JUnitReportReporter -->
<testsuite hostname="LAPTOP-5DMPA42V" failures="0" tests="1" name="Amazon.ProductSerchandtransfertoexcelsheettest" time="9.872" errors="0" timestamp="2023-06-21T23:05:21 IST" skipped="0">
  <testcase classname="Amazon.ProductSerchandtransfertoexcelsheettest" name="productSerchandtransfertoexcelsheettest" time="9.872"/>
</testsuite> <!-- Amazon.ProductSerchandtransfertoexcelsheettest -->
