<?xml version="1.0" encoding="UTF-8"?>
<!-- Generated by org.testng.reporters.JUnitReportReporter -->
<testsuite hostname="LAPTOP-5DMPA42V" failures="0" tests="1" name="Amazon.ProductSerchandtransfertoexcelsheettest" time="12.765" errors="0" timestamp="2023-09-17T15:47:00 IST" skipped="0">
  <testcase classname="Amazon.ProductSerchandtransfertoexcelsheettest" name="productSerchandtransfertoexcelsheettest" time="12.765"/>
</testsuite> <!-- Amazon.ProductSerchandtransfertoexcelsheettest -->
