<?xml version="1.0" encoding="UTF-8"?>
<!-- Generated by org.testng.reporters.JUnitReportReporter -->
<testsuite hostname="LAPTOP-5DMPA42V" failures="0" tests="1" name="Amazon.IterateTitlesPricesExportExcelTest" time="256.909" errors="0" timestamp="2023-06-08T14:23:41 IST" skipped="0">
  <testcase classname="Amazon.IterateTitlesPricesExportExcelTest" name="iterateTitlesPricesExportExcelTest" time="256.909"/>
  <system-out/>
</testsuite> <!-- Amazon.IterateTitlesPricesExportExcelTest -->
