<?xml version="1.0" encoding="UTF-8"?>
<!-- Generated by org.testng.reporters.JUnitReportReporter -->
<testsuite hostname="LAPTOP-5DMPA42V" failures="0" tests="1" name="Amazon.SponserdProducts" time="4.024" errors="0" timestamp="2023-07-06T18:34:03 IST" skipped="0">
  <testcase classname="Amazon.SponserdProducts" name="sponserdProducts" time="4.024"/>
</testsuite> <!-- Amazon.SponserdProducts -->
